<?xml version="1.0" encoding="UTF-8"?>
<!-- Generated by org.testng.reporters.JUnitXMLReporter -->
<testsuite ignored="0" hostname="DESKTOP-8UBVH5E" failures="0" tests="1" name="Test2" time="0.05" errors="0" timestamp="2022-04-03T23:06:10 PDT">
  <testcase classname="Demo.TestNGMultiBrowserDemo" name="@BeforeTest setup" time="-1.649052370154E9">
    <failure type="org.testng.TestNGException" message="
Parameter &amp;apos;browserName&amp;apos; is required by BeforeTest on method setup but has not been marked @Optional or defined
in C:\Users\ParisaOmid\eclipse-workspace\SeleniumjavaFramework\testng4.xml">
      <![CDATA[org.testng.TestNGException: 
Parameter 'browserName' is required by BeforeTest on method setup but has not been marked @Optional or defined
in C:\Users\ParisaOmid\eclipse-workspace\SeleniumjavaFramework\testng4.xml
at java.base/java.util.concurrent.FutureTask.run(FutureTask.java:264)
at java.base/java.util.concurrent.ThreadPoolExecutor.runWorker(ThreadPoolExecutor.java:1136)
at java.base/java.util.concurrent.ThreadPoolExecutor$Worker.run(ThreadPoolExecutor.java:635)
at java.base/java.lang.Thread.run(Thread.java:833)
... Removed 12 stack frames]]>
    </failure>
  </testcase> <!-- @BeforeTest setup -->
  <testcase classname="Demo.TestNGMultiBrowserDemo" name="@BeforeTest setup" time="-1.649052370154E9">
    <failure type="org.testng.TestNGException" message="
Parameter &amp;apos;browserName&amp;apos; is required by BeforeTest on method setup but has not been marked @Optional or defined
in C:\Users\ParisaOmid\eclipse-workspace\SeleniumjavaFramework\testng4.xml">
      <![CDATA[org.testng.TestNGException: 
Parameter 'browserName' is required by BeforeTest on method setup but has not been marked @Optional or defined
in C:\Users\ParisaOmid\eclipse-workspace\SeleniumjavaFramework\testng4.xml
at java.base/java.util.concurrent.FutureTask.run(FutureTask.java:264)
at java.base/java.util.concurrent.ThreadPoolExecutor.runWorker(ThreadPoolExecutor.java:1136)
at java.base/java.util.concurrent.ThreadPoolExecutor$Worker.run(ThreadPoolExecutor.java:635)
at java.base/java.lang.Thread.run(Thread.java:833)
... Removed 12 stack frames]]>
    </failure>
  </testcase> <!-- @BeforeTest setup -->
  <testcase classname="Demo.TestNGMultiBrowserDemo" name="@AfterTest teardown" time="-1.649052370196E9">
    <skipped/>
  </testcase> <!-- @AfterTest teardown -->
  <testcase classname="Demo.TestNGMultiBrowserDemo" name="@AfterTest teardown" time="-1.649052370196E9">
    <skipped/>
  </testcase> <!-- @AfterTest teardown -->
  <testcase classname="Demo.TestNGMultiBrowserDemo" name="test1" time="0.0">
    <skipped/>
  </testcase> <!-- test1 -->
</testsuite> <!-- Test2 -->
